<?xml version="1.0" encoding="utf-8"?><testsuites name="pytest tests"><testsuite name="pytest" errors="0" failures="0" skipped="0" tests="39" time="14.470" timestamp="2026-03-18T16:56:21.464598+00:00" hostname="agent-env-6e93cd41-333e-4e84-aac6-9ca9da5aa66d"><testcase classname="backend.tests.test_api.TestHealth" name="test_api_root" time="0.226" /><testcase classname="backend.tests.test_api.TestHealth" name="test_health_endpoint" time="0.132" /><testcase classname="backend.tests.test_api.TestAuth" name="test_register_new_user" time="0.380" /><testcase classname="backend.tests.test_api.TestAuth" name="test_register_duplicate_username" time="0.507" /><testcase classname="backend.tests.test_api.TestAuth" name="test_login_success" time="0.358" /><testcase classname="backend.tests.test_api.TestAuth" name="test_login_invalid_credentials" time="0.136" /><testcase classname="backend.tests.test_api.TestPlayer" name="test_get_player_me" time="0.505" /><testcase classname="backend.tests.test_api.TestPlayer" name="test_get_player_unauthorized" time="0.147" /><testcase classname="backend.tests.test_api.TestCharacter" name="test_create_character" time="0.585" /><testcase classname="backend.tests.test_api.TestCharacter" name="test_create_duplicate_character" time="0.213" /><testcase classname="backend.tests.test_api.TestPosition" name="test_update_position" time="0.553" /><testcase classname="backend.tests.test_api.TestPosition" name="test_position_beacon" time="0.146" /><testcase classname="backend.tests.test_api.TestSkills" name="test_get_skills" time="0.520" /><testcase classname="backend.tests.test_api.TestSkills" name="test_train_skill" time="0.146" /><testcase classname="backend.tests.test_api.TestInventory" name="test_get_inventory" time="0.547" /><testcase classname="backend.tests.test_api.TestInventory" name="test_add_item" time="0.167" /><testcase classname="backend.tests.test_api.TestQuests" name="test_get_available_quests" time="0.578" /><testcase classname="backend.tests.test_api.TestQuests" name="test_accept_quest" time="0.146" /><testcase classname="backend.tests.test_api.TestQuests" name="test_update_quest_progress" time="0.130" /><testcase classname="backend.tests.test_api.TestCombat" name="test_attack_monster" time="0.494" /><testcase classname="backend.tests.test_api.TestCombat" name="test_attack_invalid_monster" time="0.149" /><testcase classname="backend.tests.test_api.TestWorld" name="test_get_zones" time="0.150" /><testcase classname="backend.tests.test_api.TestWorld" name="test_get_monsters" time="0.229" /><testcase classname="backend.tests.test_api.TestWorld" name="test_get_world_objects" time="0.142" /><testcase classname="backend.tests.test_api.TestWorld" name="test_get_placed_enemies" time="0.151" /><testcase classname="backend.tests.test_api.TestWorldEditor" name="test_create_world_object" time="0.660" /><testcase classname="backend.tests.test_api.TestWorldEditor" name="test_save_placed_enemy" time="0.315" /><testcase classname="backend.tests.test_api.TestGameState" name="test_get_game_state" time="0.504" /><testcase classname="backend.tests.test_api.TestGameState" name="test_update_copper" time="0.147" /><testcase classname="backend.tests.test_api.TestGameState" name="test_save_all_game_data" time="0.126" /><testcase classname="backend.tests.test_api.TestTerrain" name="test_get_terrain" time="0.518" /><testcase classname="backend.tests.test_api.TestCustomQuests" name="test_create_custom_quest" time="0.510" /><testcase classname="backend.tests.test_api.TestCustomQuests" name="test_list_custom_quests" time="0.178" /><testcase classname="backend.tests.test_rotation_persistence.TestRotationPersistence" name="test_world_object_rotation_number" time="0.810" /><testcase classname="backend.tests.test_rotation_persistence.TestRotationPersistence" name="test_world_object_default_rotation" time="0.416" /><testcase classname="backend.tests.test_rotation_persistence.TestRotationPersistence" name="test_bulk_save_with_rotation" time="0.755" /><testcase classname="backend.tests.test_rotation_persistence.TestRotationPersistence" name="test_save_all_preserves_rotation" time="0.416" /><testcase classname="backend.tests.test_rotation_persistence.TestQuestNPCFiltering" name="test_global_quest_npc_assignment" time="0.982" /><testcase classname="backend.tests.test_rotation_persistence.TestQuestNPCFiltering" name="test_get_quest_by_npc" time="0.624" /></testsuite></testsuites>