<?xml version="1.0" encoding="utf-8"?><testsuites name="pytest tests"><testsuite name="pytest" errors="0" failures="0" skipped="0" tests="47" time="17.087" timestamp="2026-03-18T17:08:44.367460+00:00" hostname="agent-env-6e93cd41-333e-4e84-aac6-9ca9da5aa66d"><testcase classname="backend.tests.test_api.TestHealth" name="test_api_root" time="0.166" /><testcase classname="backend.tests.test_api.TestHealth" name="test_health_endpoint" time="0.219" /><testcase classname="backend.tests.test_api.TestAuth" name="test_register_new_user" time="0.392" /><testcase classname="backend.tests.test_api.TestAuth" name="test_register_duplicate_username" time="0.487" /><testcase classname="backend.tests.test_api.TestAuth" name="test_login_success" time="0.405" /><testcase classname="backend.tests.test_api.TestAuth" name="test_login_invalid_credentials" time="0.126" /><testcase classname="backend.tests.test_api.TestPlayer" name="test_get_player_me" time="0.522" /><testcase classname="backend.tests.test_api.TestPlayer" name="test_get_player_unauthorized" time="0.111" /><testcase classname="backend.tests.test_api.TestCharacter" name="test_create_character" time="0.528" /><testcase classname="backend.tests.test_api.TestCharacter" name="test_create_duplicate_character" time="0.153" /><testcase classname="backend.tests.test_api.TestPosition" name="test_update_position" time="0.505" /><testcase classname="backend.tests.test_api.TestPosition" name="test_position_beacon" time="0.129" /><testcase classname="backend.tests.test_api.TestSkills" name="test_get_skills" time="0.440" /><testcase classname="backend.tests.test_api.TestSkills" name="test_train_skill" time="0.108" /><testcase classname="backend.tests.test_api.TestInventory" name="test_get_inventory" time="0.631" /><testcase classname="backend.tests.test_api.TestInventory" name="test_add_item" time="0.106" /><testcase classname="backend.tests.test_api.TestQuests" name="test_get_available_quests" time="0.463" /><testcase classname="backend.tests.test_api.TestQuests" name="test_accept_quest" time="0.107" /><testcase classname="backend.tests.test_api.TestQuests" name="test_update_quest_progress" time="0.120" /><testcase classname="backend.tests.test_api.TestCombat" name="test_attack_monster" time="0.463" /><testcase classname="backend.tests.test_api.TestCombat" name="test_attack_invalid_monster" time="0.119" /><testcase classname="backend.tests.test_api.TestWorld" name="test_get_zones" time="0.117" /><testcase classname="backend.tests.test_api.TestWorld" name="test_get_monsters" time="0.111" /><testcase classname="backend.tests.test_api.TestWorld" name="test_get_world_objects" time="0.139" /><testcase classname="backend.tests.test_api.TestWorld" name="test_get_placed_enemies" time="0.110" /><testcase classname="backend.tests.test_api.TestWorldEditor" name="test_create_world_object" time="0.586" /><testcase classname="backend.tests.test_api.TestWorldEditor" name="test_save_placed_enemy" time="0.237" /><testcase classname="backend.tests.test_api.TestGameState" name="test_get_game_state" time="0.465" /><testcase classname="backend.tests.test_api.TestGameState" name="test_update_copper" time="0.112" /><testcase classname="backend.tests.test_api.TestGameState" name="test_save_all_game_data" time="0.119" /><testcase classname="backend.tests.test_api.TestTerrain" name="test_get_terrain" time="0.395" /><testcase classname="backend.tests.test_api.TestCustomQuests" name="test_create_custom_quest" time="0.479" /><testcase classname="backend.tests.test_api.TestCustomQuests" name="test_list_custom_quests" time="0.127" /><testcase classname="backend.tests.test_rotation_persistence.TestRotationPersistence" name="test_world_object_rotation_number" time="0.689" /><testcase classname="backend.tests.test_rotation_persistence.TestRotationPersistence" name="test_world_object_default_rotation" time="0.423" /><testcase classname="backend.tests.test_rotation_persistence.TestRotationPersistence" name="test_bulk_save_with_rotation" time="0.591" /><testcase classname="backend.tests.test_rotation_persistence.TestRotationPersistence" name="test_save_all_preserves_rotation" time="0.384" /><testcase classname="backend.tests.test_rotation_persistence.TestQuestNPCFiltering" name="test_global_quest_npc_assignment" time="0.855" /><testcase classname="backend.tests.test_rotation_persistence.TestQuestNPCFiltering" name="test_get_quest_by_npc" time="0.595" /><testcase classname="backend.tests.test_world_object_system.TestWorldObjectNormalization" name="test_normalize_object_preserves_all_fields" time="0.725" /><testcase classname="backend.tests.test_world_object_system.TestWorldObjectNormalization" name="test_normalize_object_handles_missing_fields" time="0.334" /><testcase classname="backend.tests.test_world_object_system.TestEnemyNormalization" name="test_normalize_enemy_preserves_all_fields" time="0.853" /><testcase classname="backend.tests.test_world_object_system.TestProcessLoadedWorldObject" name="test_world_objects_load_endpoint" time="0.466" /><testcase classname="backend.tests.test_world_object_system.TestProcessLoadedWorldObject" name="test_quest_marker_fields_present" time="0.410" /><testcase classname="backend.tests.test_world_object_system.TestObjectDeletion" name="test_delete_world_object" time="0.760" /><testcase classname="backend.tests.test_world_object_system.TestSelectableTypes" name="test_selectable_types_are_targetable" time="0.123" /><testcase classname="backend.tests.test_world_object_system.TestTerrainData" name="test_terrain_endpoint_exists" time="0.483" /></testsuite></testsuites>