<?xml version="1.0" encoding="utf-8"?><testsuites name="pytest tests"><testsuite name="pytest" errors="0" failures="0" skipped="0" tests="5" time="1.588" timestamp="2026-03-22T14:17:50.664159+00:00" hostname="agent-env-9fca8281-ec4d-4f65-a784-d27fa387fcb8"><testcase classname="backend.tests.test_api.TestQuests" name="test_get_available_quests" time="0.626" /><testcase classname="backend.tests.test_api.TestQuests" name="test_accept_quest" time="0.109" /><testcase classname="backend.tests.test_api.TestQuests" name="test_update_quest_progress" time="0.103" /><testcase classname="backend.tests.test_api.TestCustomQuests" name="test_create_custom_quest" time="0.457" /><testcase classname="backend.tests.test_api.TestCustomQuests" name="test_list_custom_quests" time="0.112" /></testsuite></testsuites>